/*C1935*/SET SCHEMA PUBLIC
DELETE FROM NOTICIA WHERE ID=7
INSERT INTO NOTICIA VALUES(7,'vvvvvv','fffffkkkbnb')
COMMIT
/*C1934*/SET SCHEMA PUBLIC
DELETE FROM NOTICIA WHERE ID=7
INSERT INTO NOTICIA VALUES(7,'vvvvvv','fffffkkkbnb')
COMMIT
DELETE FROM NOTICIA WHERE ID=1
COMMIT
DELETE FROM NOTICIA WHERE ID=7
COMMIT
INSERT INTO NOTICIA VALUES(8,'rd',' c')
COMMIT
DELETE FROM NOTICIA WHERE ID=3
COMMIT
DELETE FROM NOTICIA WHERE ID=8
INSERT INTO NOTICIA VALUES(8,'rd','Matheus')
COMMIT
/*C1940*/SET SCHEMA PUBLIC
DISCONNECT
/*C1942*/SET SCHEMA PUBLIC
DISCONNECT
/*C1941*/SET SCHEMA PUBLIC
DISCONNECT
/*C1939*/SET SCHEMA PUBLIC
DISCONNECT
/*C1934*/DISCONNECT
/*C1943*/SET SCHEMA PUBLIC
DISCONNECT
/*C1936*/SET SCHEMA PUBLIC
DISCONNECT
/*C1937*/SET SCHEMA PUBLIC
DISCONNECT
/*C1935*/DISCONNECT
/*C1938*/SET SCHEMA PUBLIC
DISCONNECT
/*C1944*/SET SCHEMA PUBLIC
DISCONNECT
/*C1949*/SET SCHEMA PUBLIC
DISCONNECT
/*C1948*/SET SCHEMA PUBLIC
DISCONNECT
/*C1951*/SET SCHEMA PUBLIC
DISCONNECT
/*C1947*/SET SCHEMA PUBLIC
DISCONNECT
/*C1953*/SET SCHEMA PUBLIC
DISCONNECT
/*C1950*/SET SCHEMA PUBLIC
DISCONNECT
/*C1952*/SET SCHEMA PUBLIC
DISCONNECT
/*C1946*/SET SCHEMA PUBLIC
DISCONNECT
/*C1945*/SET SCHEMA PUBLIC
DISCONNECT
/*C1954*/SET SCHEMA PUBLIC
DISCONNECT
/*C1958*/SET SCHEMA PUBLIC
DISCONNECT
/*C1963*/SET SCHEMA PUBLIC
DISCONNECT
/*C1955*/SET SCHEMA PUBLIC
DISCONNECT
/*C1957*/SET SCHEMA PUBLIC
DISCONNECT
/*C1956*/SET SCHEMA PUBLIC
DISCONNECT
/*C1960*/SET SCHEMA PUBLIC
DISCONNECT
/*C1961*/SET SCHEMA PUBLIC
DISCONNECT
/*C1962*/SET SCHEMA PUBLIC
DISCONNECT
/*C1959*/SET SCHEMA PUBLIC
DISCONNECT
/*C1964*/SET SCHEMA PUBLIC
DISCONNECT
/*C1965*/SET SCHEMA PUBLIC
DISCONNECT
/*C1966*/SET SCHEMA PUBLIC
DISCONNECT
/*C1967*/SET SCHEMA PUBLIC
DISCONNECT
/*C1968*/SET SCHEMA PUBLIC
DISCONNECT
/*C1969*/SET SCHEMA PUBLIC
DISCONNECT
/*C1970*/SET SCHEMA PUBLIC
DISCONNECT
/*C1971*/SET SCHEMA PUBLIC
DISCONNECT
/*C1972*/SET SCHEMA PUBLIC
DISCONNECT
/*C1973*/SET SCHEMA PUBLIC
DISCONNECT
/*C1980*/SET SCHEMA PUBLIC
DISCONNECT
/*C1978*/SET SCHEMA PUBLIC
DISCONNECT
/*C1979*/SET SCHEMA PUBLIC
DISCONNECT
/*C1975*/SET SCHEMA PUBLIC
DISCONNECT
/*C1977*/SET SCHEMA PUBLIC
DISCONNECT
/*C1974*/SET SCHEMA PUBLIC
DISCONNECT
/*C1976*/SET SCHEMA PUBLIC
DISCONNECT
/*C1983*/SET SCHEMA PUBLIC
DISCONNECT
/*C1982*/SET SCHEMA PUBLIC
DISCONNECT
/*C1981*/SET SCHEMA PUBLIC
DISCONNECT
/*C1986*/SET SCHEMA PUBLIC
DISCONNECT
/*C1987*/SET SCHEMA PUBLIC
DISCONNECT
/*C1984*/SET SCHEMA PUBLIC
DISCONNECT
/*C1991*/SET SCHEMA PUBLIC
DISCONNECT
/*C1992*/SET SCHEMA PUBLIC
DISCONNECT
/*C1990*/SET SCHEMA PUBLIC
DISCONNECT
/*C1985*/SET SCHEMA PUBLIC
DISCONNECT
/*C1988*/SET SCHEMA PUBLIC
DISCONNECT
/*C1989*/SET SCHEMA PUBLIC
DISCONNECT
/*C1993*/SET SCHEMA PUBLIC
DISCONNECT
/*C1994*/SET SCHEMA PUBLIC
DISCONNECT
/*C1998*/SET SCHEMA PUBLIC
DISCONNECT
/*C2001*/SET SCHEMA PUBLIC
DISCONNECT
/*C1999*/SET SCHEMA PUBLIC
DISCONNECT
/*C2000*/SET SCHEMA PUBLIC
DISCONNECT
/*C1995*/SET SCHEMA PUBLIC
DISCONNECT
/*C2002*/SET SCHEMA PUBLIC
DISCONNECT
/*C1996*/SET SCHEMA PUBLIC
DISCONNECT
/*C1997*/SET SCHEMA PUBLIC
DISCONNECT
/*C2003*/SET SCHEMA PUBLIC
DISCONNECT
/*C2004*/SET SCHEMA PUBLIC
DISCONNECT
/*C2005*/SET SCHEMA PUBLIC
DISCONNECT
/*C2008*/SET SCHEMA PUBLIC
DISCONNECT
/*C2009*/SET SCHEMA PUBLIC
DISCONNECT
/*C2011*/SET SCHEMA PUBLIC
DISCONNECT
/*C2010*/SET SCHEMA PUBLIC
DISCONNECT
/*C2007*/SET SCHEMA PUBLIC
DISCONNECT
/*C2006*/SET SCHEMA PUBLIC
DISCONNECT
/*C2013*/SET SCHEMA PUBLIC
DISCONNECT
/*C2012*/SET SCHEMA PUBLIC
DISCONNECT
/*C2014*/SET SCHEMA PUBLIC
INSERT INTO NOTICIA VALUES(9,'zh','teste zn')
COMMIT
DELETE FROM NOTICIA WHERE ID=4
INSERT INTO NOTICIA VALUES(4,'ooooi','test matheus')
COMMIT
DELETE FROM NOTICIA WHERE ID=8
COMMIT
